<?xml version="1.0" encoding="UTF-8"?>
<!-- Generated by org.testng.reporters.JUnitReportReporter -->
<testsuite hostname="LAPTOP-BIH2HGOD" failures="0" tests="1" name="Test.TwoTest" time="10.635" errors="0" timestamp="2022-12-08T18:35:58 IST" skipped="0">
  <testcase classname="Test.TwoTest" name="testTwo" time="10.635"/>
  <system-out/>
</testsuite> <!-- Test.TwoTest -->
