<?xml version="1.0" encoding="UTF-8"?>
<!-- Generated by org.testng.reporters.JUnitReportReporter -->
<testsuite hostname="LAPTOP-BIH2HGOD" failures="0" tests="1" name="runner.Runner" time="8.330" errors="0" timestamp="2022-12-08T19:21:58 IST" skipped="0">
  <testcase classname="runner.Runner" name="runScenario" time="8.330"/>
  <system-out/>
</testsuite> <!-- runner.Runner -->
