<?xml version="1.0" encoding="UTF-8"?>
<!-- Generated by org.testng.reporters.JUnitReportReporter -->
<testsuite hostname="LAPTOP-BIH2HGOD" failures="0" tests="1" name="Test.FourTest" time="0.003" errors="0" timestamp="2022-12-05T00:18:37 IST" skipped="0">
  <testcase classname="Test.FourTest" name="Fourtest" time="0.003"/>
  <system-out/>
</testsuite> <!-- Test.FourTest -->
