<?xml version="1.0" encoding="UTF-8"?>
<!-- Generated by org.testng.reporters.JUnitReportReporter -->
<testsuite hostname="LAPTOP-BIH2HGOD" failures="0" tests="2" name="Test.LoginTest" time="18.470" errors="0" timestamp="2022-12-05T00:18:37 IST" skipped="0">
  <testcase classname="Test.LoginTest" name="test" time="3.326"/>
  <system-out/>
  <testcase classname="Test.LoginTest" name="test" time="15.144"/>
  <system-out/>
</testsuite> <!-- Test.LoginTest -->
